<?xml version="1.0" encoding="UTF-8"?>
<coverage generated="1650351985406" clover="3.2.0">
  <project timestamp="1650351985406" name="All files">
    <metrics statements="159" coveredstatements="149" conditionals="60" coveredconditionals="48" methods="32" coveredmethods="29" elements="251" coveredelements="226" complexity="0" loc="159" ncloc="159" packages="5" files="8" classes="8"/>
    <package name="src">
      <metrics statements="9" coveredstatements="9" conditionals="12" coveredconditionals="6" methods="0" coveredmethods="0"/>
      <file name="config.ts" path="/home/marco/Dev/vegan-node/src/config.ts">
        <metrics statements="9" coveredstatements="9" conditionals="12" coveredconditionals="6" methods="0" coveredmethods="0"/>
        <line num="3" count="5" type="stmt"/>
        <line num="5" count="5" type="cond" truecount="1" falsecount="1"/>
        <line num="6" count="5" type="stmt"/>
        <line num="7" count="5" type="cond" truecount="1" falsecount="1"/>
        <line num="8" count="5" type="cond" truecount="1" falsecount="1"/>
        <line num="9" count="5" type="cond" truecount="1" falsecount="1"/>
        <line num="11" count="5" type="cond" truecount="1" falsecount="1"/>
        <line num="13" count="5" type="cond" truecount="1" falsecount="1"/>
        <line num="15" count="5" type="stmt"/>
      </file>
    </package>
    <package name="src.controllers">
      <metrics statements="47" coveredstatements="43" conditionals="10" coveredconditionals="8" methods="6" coveredmethods="5"/>
      <file name="AuthController.ts" path="/home/marco/Dev/vegan-node/src/controllers/AuthController.ts">
        <metrics statements="41" coveredstatements="41" conditionals="8" coveredconditionals="8" methods="5" coveredmethods="5"/>
        <line num="8" count="40" type="stmt"/>
        <line num="9" count="40" type="stmt"/>
        <line num="39" count="40" type="stmt"/>
        <line num="41" count="40" type="stmt"/>
        <line num="42" count="40" type="stmt"/>
        <line num="46" count="9" type="stmt"/>
        <line num="47" count="9" type="stmt"/>
        <line num="48" count="9" type="stmt"/>
        <line num="53" count="9" type="stmt"/>
        <line num="54" count="9" type="cond" truecount="2" falsecount="0"/>
        <line num="55" count="3" type="stmt"/>
        <line num="56" count="3" type="stmt"/>
        <line num="58" count="2" type="stmt"/>
        <line num="65" count="4" type="stmt"/>
        <line num="70" count="8" type="stmt"/>
        <line num="71" count="8" type="stmt"/>
        <line num="72" count="8" type="stmt"/>
        <line num="77" count="8" type="stmt"/>
        <line num="78" count="8" type="cond" truecount="2" falsecount="0"/>
        <line num="79" count="2" type="stmt"/>
        <line num="80" count="2" type="stmt"/>
        <line num="82" count="2" type="stmt"/>
        <line num="89" count="4" type="stmt"/>
        <line num="94" count="10" type="stmt"/>
        <line num="95" count="10" type="stmt"/>
        <line num="96" count="10" type="stmt"/>
        <line num="101" count="10" type="stmt"/>
        <line num="102" count="10" type="cond" truecount="2" falsecount="0"/>
        <line num="103" count="3" type="stmt"/>
        <line num="104" count="3" type="stmt"/>
        <line num="106" count="3" type="stmt"/>
        <line num="113" count="4" type="stmt"/>
        <line num="118" count="6" type="stmt"/>
        <line num="119" count="6" type="stmt"/>
        <line num="120" count="6" type="stmt"/>
        <line num="125" count="6" type="stmt"/>
        <line num="126" count="6" type="cond" truecount="2" falsecount="0"/>
        <line num="127" count="1" type="stmt"/>
        <line num="128" count="1" type="stmt"/>
        <line num="130" count="1" type="stmt"/>
        <line num="137" count="4" type="stmt"/>
      </file>
      <file name="TokenController.ts" path="/home/marco/Dev/vegan-node/src/controllers/TokenController.ts">
        <metrics statements="6" coveredstatements="2" conditionals="2" coveredconditionals="0" methods="1" coveredmethods="0"/>
        <line num="6" count="11" type="stmt"/>
        <line num="7" count="11" type="stmt"/>
        <line num="17" count="0" type="stmt"/>
        <line num="18" count="0" type="cond" truecount="0" falsecount="2"/>
        <line num="19" count="0" type="stmt"/>
        <line num="20" count="0" type="stmt"/>
      </file>
    </package>
    <package name="src.models">
      <metrics statements="1" coveredstatements="1" conditionals="0" coveredconditionals="0" methods="1" coveredmethods="1"/>
      <file name="UserModel.ts" path="/home/marco/Dev/vegan-node/src/models/UserModel.ts">
        <metrics statements="1" coveredstatements="1" conditionals="0" coveredconditionals="0" methods="1" coveredmethods="1"/>
        <line num="17" count="2" type="stmt"/>
      </file>
    </package>
    <package name="src.services">
      <metrics statements="77" coveredstatements="75" conditionals="30" coveredconditionals="28" methods="14" coveredmethods="14"/>
      <file name="TokenService.ts" path="/home/marco/Dev/vegan-node/src/services/TokenService.ts">
        <metrics statements="24" coveredstatements="24" conditionals="8" coveredconditionals="8" methods="4" coveredmethods="4"/>
        <line num="6" count="4" type="stmt"/>
        <line num="7" count="2" type="stmt"/>
        <line num="17" count="4" type="stmt"/>
        <line num="22" count="7" type="stmt"/>
        <line num="23" count="7" type="cond" truecount="2" falsecount="0"/>
        <line num="24" count="1" type="stmt"/>
        <line num="25" count="1" type="stmt"/>
        <line num="26" count="1" type="stmt"/>
        <line num="29" count="6" type="stmt"/>
        <line num="30" count="6" type="stmt"/>
        <line num="31" count="6" type="cond" truecount="2" falsecount="0"/>
        <line num="32" count="1" type="stmt"/>
        <line num="33" count="1" type="stmt"/>
        <line num="35" count="5" type="stmt"/>
        <line num="36" count="5" type="stmt"/>
        <line num="42" count="12" type="stmt"/>
        <line num="43" count="12" type="cond" truecount="2" falsecount="0"/>
        <line num="44" count="4" type="stmt"/>
        <line num="52" count="4" type="stmt"/>
        <line num="54" count="8" type="cond" truecount="2" falsecount="0"/>
        <line num="55" count="1" type="stmt"/>
        <line num="63" count="1" type="stmt"/>
        <line num="65" count="7" type="stmt"/>
        <line num="66" count="7" type="stmt"/>
      </file>
      <file name="UserService.ts" path="/home/marco/Dev/vegan-node/src/services/UserService.ts">
        <metrics statements="53" coveredstatements="51" conditionals="22" coveredconditionals="20" methods="10" coveredmethods="10"/>
        <line num="13" count="2" type="stmt"/>
        <line num="14" count="17" type="stmt"/>
        <line num="18" count="17" type="stmt"/>
        <line num="21" count="2" type="stmt"/>
        <line num="26" count="7" type="stmt"/>
        <line num="31" count="7" type="stmt"/>
        <line num="34" count="2" type="stmt"/>
        <line num="39" count="7" type="stmt"/>
        <line num="40" count="7" type="stmt"/>
        <line num="41" count="7" type="stmt"/>
        <line num="44" count="2" type="stmt"/>
        <line num="49" count="5" type="stmt"/>
        <line num="50" count="5" type="stmt"/>
        <line num="64" count="8" type="stmt"/>
        <line num="65" count="8" type="stmt"/>
        <line num="67" count="8" type="cond" truecount="2" falsecount="0"/>
        <line num="69" count="5" type="stmt"/>
        <line num="74" count="4" type="cond" truecount="2" falsecount="0"/>
        <line num="75" count="2" type="stmt"/>
        <line num="77" count="2" type="cond" truecount="3" falsecount="1"/>
        <line num="78" count="0" type="stmt"/>
        <line num="80" count="2" type="stmt"/>
        <line num="81" count="2" type="stmt"/>
        <line num="87" count="1" type="stmt"/>
        <line num="92" count="9" type="stmt"/>
        <line num="93" count="9" type="stmt"/>
        <line num="94" count="9" type="cond" truecount="2" falsecount="0"/>
        <line num="96" count="7" type="stmt"/>
        <line num="102" count="7" type="cond" truecount="4" falsecount="0"/>
        <line num="103" count="1" type="stmt"/>
        <line num="105" count="6" type="stmt"/>
        <line num="106" count="2" type="stmt"/>
        <line num="112" count="5" type="stmt"/>
        <line num="117" count="9" type="stmt"/>
        <line num="118" count="9" type="stmt"/>
        <line num="121" count="9" type="cond" truecount="2" falsecount="0"/>
        <line num="122" count="3" type="stmt"/>
        <line num="123" count="6" type="cond" truecount="2" falsecount="0"/>
        <line num="124" count="3" type="stmt"/>
        <line num="126" count="3" type="stmt"/>
        <line num="131" count="3" type="stmt"/>
        <line num="136" count="5" type="stmt"/>
        <line num="137" count="5" type="stmt"/>
        <line num="143" count="2" type="cond" truecount="2" falsecount="0"/>
        <line num="144" count="1" type="stmt"/>
        <line num="145" count="1" type="cond" truecount="1" falsecount="1"/>
        <line num="146" count="0" type="stmt"/>
        <line num="148" count="1" type="stmt"/>
        <line num="153" count="3" type="stmt"/>
        <line num="158" count="8" type="stmt"/>
        <line num="159" count="4" type="stmt"/>
        <line num="162" count="4" type="stmt"/>
        <line num="166" count="4" type="stmt"/>
      </file>
    </package>
    <package name="src.typings">
      <metrics statements="25" coveredstatements="21" conditionals="8" coveredconditionals="6" methods="11" coveredmethods="9"/>
      <file name="Controller.ts" path="/home/marco/Dev/vegan-node/src/typings/Controller.ts">
        <metrics statements="12" coveredstatements="11" conditionals="8" coveredconditionals="6" methods="3" coveredmethods="3"/>
        <line num="36" count="51" type="stmt"/>
        <line num="40" count="51" type="stmt"/>
        <line num="41" count="25" type="stmt"/>
        <line num="42" count="67" type="stmt"/>
        <line num="43" count="67" type="stmt"/>
        <line num="44" count="67" type="stmt"/>
        <line num="45" count="39" type="stmt"/>
        <line num="47" count="67" type="stmt"/>
        <line num="49" count="0" type="stmt"/>
        <line num="53" count="25" type="stmt"/>
        <line num="62" count="8" type="cond" truecount="1" falsecount="1"/>
        <line num="73" count="25" type="cond" truecount="2" falsecount="0"/>
      </file>
      <file name="Server.ts" path="/home/marco/Dev/vegan-node/src/typings/Server.ts">
        <metrics statements="13" coveredstatements="10" conditionals="0" coveredconditionals="0" methods="8" coveredmethods="6"/>
        <line num="12" count="16" type="stmt"/>
        <line num="13" count="16" type="stmt"/>
        <line num="14" count="16" type="stmt"/>
        <line num="18" count="0" type="stmt"/>
        <line num="19" count="0" type="stmt"/>
        <line num="24" count="13" type="stmt"/>
        <line num="25" count="24" type="stmt"/>
        <line num="30" count="13" type="stmt"/>
        <line num="31" count="24" type="stmt"/>
        <line num="36" count="12" type="stmt"/>
        <line num="37" count="12" type="stmt"/>
        <line num="38" count="12" type="stmt"/>
        <line num="40" count="0" type="stmt"/>
      </file>
    </package>
  </project>
</coverage>
