{"/home/marco/Dev/vegan-node/src/config.ts": {"path":"/home/marco/Dev/vegan-node/src/config.ts","statementMap":{"0":{"start":{"line":3,"column":0},"end":{"line":3,"column":16}},"1":{"start":{"line":5,"column":28},"end":{"line":5,"column":69}},"2":{"start":{"line":6,"column":29},"end":{"line":6,"column":54}},"3":{"start":{"line":7,"column":29},"end":{"line":7,"column":74}},"4":{"start":{"line":8,"column":33},"end":{"line":8,"column":68}},"5":{"start":{"line":9,"column":33},"end":{"line":9,"column":68}},"6":{"start":{"line":11,"column":20},"end":{"line":11,"column":56}},"7":{"start":{"line":13,"column":2},"end":{"line":13,"column":50}},"8":{"start":{"line":15,"column":15},"end":{"line":29,"column":1}}},"fnMap":{},"branchMap":{"0":{"loc":{"start":{"line":5,"column":28},"end":{"line":5,"column":69}},"type":"binary-expr","locations":[{"start":{"line":5,"column":28},"end":{"line":5,"column":52}},{"start":{"line":5,"column":56},"end":{"line":5,"column":69}}],"line":5},"1":{"loc":{"start":{"line":7,"column":38},"end":{"line":7,"column":73}},"type":"binary-expr","locations":[{"start":{"line":7,"column":38},"end":{"line":7,"column":63}},{"start":{"line":7,"column":67},"end":{"line":7,"column":73}}],"line":7},"2":{"loc":{"start":{"line":8,"column":33},"end":{"line":8,"column":68}},"type":"binary-expr","locations":[{"start":{"line":8,"column":33},"end":{"line":8,"column":62}},{"start":{"line":8,"column":66},"end":{"line":8,"column":68}}],"line":8},"3":{"loc":{"start":{"line":9,"column":33},"end":{"line":9,"column":68}},"type":"binary-expr","locations":[{"start":{"line":9,"column":33},"end":{"line":9,"column":62}},{"start":{"line":9,"column":66},"end":{"line":9,"column":68}}],"line":9},"4":{"loc":{"start":{"line":11,"column":29},"end":{"line":11,"column":55}},"type":"binary-expr","locations":[{"start":{"line":11,"column":29},"end":{"line":11,"column":45}},{"start":{"line":11,"column":49},"end":{"line":11,"column":55}}],"line":11},"5":{"loc":{"start":{"line":13,"column":2},"end":{"line":13,"column":50}},"type":"binary-expr","locations":[{"start":{"line":13,"column":2},"end":{"line":13,"column":33}},{"start":{"line":13,"column":37},"end":{"line":13,"column":50}}],"line":13}},"s":{"0":1,"1":1,"2":1,"3":1,"4":1,"5":1,"6":1,"7":1,"8":1},"f":{},"b":{"0":[1,0],"1":[1,0],"2":[1,0],"3":[1,0],"4":[1,0],"5":[1,0]},"_coverageSchema":"1a1c01bbd47fc00a2c39e90264f33305004495a9","hash":"c245ba7fadf5462453e4f7360120074bf81f39c2"}
,"/home/marco/Dev/vegan-node/src/controllers/AuthController.ts": {"path":"/home/marco/Dev/vegan-node/src/controllers/AuthController.ts","statementMap":{"0":{"start":{"line":7,"column":9},"end":{"line":7,"column":16}},"1":{"start":{"line":8,"column":11},"end":{"line":33,"column":3}},"2":{"start":{"line":36,"column":4},"end":{"line":36,"column":12}},"3":{"start":{"line":37,"column":4},"end":{"line":37,"column":35}},"4":{"start":{"line":41,"column":4},"end":{"line":57,"column":5}},"5":{"start":{"line":42,"column":37},"end":{"line":42,"column":45}},"6":{"start":{"line":43,"column":26},"end":{"line":43,"column":66}},"7":{"start":{"line":44,"column":19},"end":{"line":44,"column":44}},"8":{"start":{"line":45,"column":6},"end":{"line":48,"column":7}},"9":{"start":{"line":46,"column":8},"end":{"line":46,"column":67}},"10":{"start":{"line":47,"column":8},"end":{"line":47,"column":15}},"11":{"start":{"line":49,"column":6},"end":{"line":54,"column":9}},"12":{"start":{"line":56,"column":6},"end":{"line":56,"column":31}},"13":{"start":{"line":61,"column":4},"end":{"line":77,"column":5}},"14":{"start":{"line":62,"column":37},"end":{"line":62,"column":45}},"15":{"start":{"line":63,"column":26},"end":{"line":63,"column":66}},"16":{"start":{"line":64,"column":19},"end":{"line":64,"column":47}},"17":{"start":{"line":65,"column":6},"end":{"line":68,"column":7}},"18":{"start":{"line":66,"column":8},"end":{"line":66,"column":67}},"19":{"start":{"line":67,"column":8},"end":{"line":67,"column":15}},"20":{"start":{"line":69,"column":6},"end":{"line":74,"column":9}},"21":{"start":{"line":76,"column":6},"end":{"line":76,"column":31}},"22":{"start":{"line":81,"column":4},"end":{"line":97,"column":5}},"23":{"start":{"line":82,"column":37},"end":{"line":82,"column":45}},"24":{"start":{"line":83,"column":26},"end":{"line":83,"column":66}},"25":{"start":{"line":84,"column":19},"end":{"line":84,"column":49}},"26":{"start":{"line":85,"column":6},"end":{"line":88,"column":7}},"27":{"start":{"line":86,"column":8},"end":{"line":86,"column":67}},"28":{"start":{"line":87,"column":8},"end":{"line":87,"column":15}},"29":{"start":{"line":89,"column":6},"end":{"line":94,"column":9}},"30":{"start":{"line":96,"column":6},"end":{"line":96,"column":31}},"31":{"start":{"line":101,"column":4},"end":{"line":117,"column":5}},"32":{"start":{"line":102,"column":37},"end":{"line":102,"column":45}},"33":{"start":{"line":103,"column":26},"end":{"line":103,"column":66}},"34":{"start":{"line":104,"column":19},"end":{"line":104,"column":53}},"35":{"start":{"line":105,"column":6},"end":{"line":108,"column":7}},"36":{"start":{"line":106,"column":8},"end":{"line":106,"column":67}},"37":{"start":{"line":107,"column":8},"end":{"line":107,"column":15}},"38":{"start":{"line":109,"column":6},"end":{"line":114,"column":9}},"39":{"start":{"line":116,"column":6},"end":{"line":116,"column":31}}},"fnMap":{"0":{"name":"(anonymous_0)","decl":{"start":{"line":35,"column":2},"end":{"line":35,"column":3}},"loc":{"start":{"line":35,"column":50},"end":{"line":38,"column":3}},"line":35},"1":{"name":"(anonymous_1)","decl":{"start":{"line":40,"column":2},"end":{"line":40,"column":3}},"loc":{"start":{"line":40,"column":64},"end":{"line":58,"column":3}},"line":40},"2":{"name":"(anonymous_2)","decl":{"start":{"line":60,"column":2},"end":{"line":60,"column":3}},"loc":{"start":{"line":60,"column":67},"end":{"line":78,"column":3}},"line":60},"3":{"name":"(anonymous_3)","decl":{"start":{"line":80,"column":2},"end":{"line":80,"column":3}},"loc":{"start":{"line":80,"column":69},"end":{"line":98,"column":3}},"line":80},"4":{"name":"(anonymous_4)","decl":{"start":{"line":100,"column":2},"end":{"line":100,"column":3}},"loc":{"start":{"line":100,"column":73},"end":{"line":118,"column":3}},"line":100}},"branchMap":{"0":{"loc":{"start":{"line":45,"column":6},"end":{"line":48,"column":7}},"type":"if","locations":[{"start":{"line":45,"column":6},"end":{"line":48,"column":7}},{"start":{},"end":{}}],"line":45},"1":{"loc":{"start":{"line":65,"column":6},"end":{"line":68,"column":7}},"type":"if","locations":[{"start":{"line":65,"column":6},"end":{"line":68,"column":7}},{"start":{},"end":{}}],"line":65},"2":{"loc":{"start":{"line":85,"column":6},"end":{"line":88,"column":7}},"type":"if","locations":[{"start":{"line":85,"column":6},"end":{"line":88,"column":7}},{"start":{},"end":{}}],"line":85},"3":{"loc":{"start":{"line":105,"column":6},"end":{"line":108,"column":7}},"type":"if","locations":[{"start":{"line":105,"column":6},"end":{"line":108,"column":7}},{"start":{},"end":{}}],"line":105}},"s":{"0":24,"1":24,"2":24,"3":24,"4":6,"5":6,"6":6,"7":6,"8":5,"9":1,"10":1,"11":4,"12":1,"13":6,"14":6,"15":6,"16":6,"17":5,"18":1,"19":1,"20":4,"21":1,"22":6,"23":6,"24":6,"25":6,"26":5,"27":1,"28":1,"29":4,"30":1,"31":6,"32":6,"33":6,"34":6,"35":5,"36":1,"37":1,"38":4,"39":1},"f":{"0":24,"1":6,"2":6,"3":6,"4":6},"b":{"0":[1,4],"1":[1,4],"2":[1,4],"3":[1,4]},"_coverageSchema":"1a1c01bbd47fc00a2c39e90264f33305004495a9","hash":"b3370bcd5a0818951d31d93911b6014bce08cf6e"}
,"/home/marco/Dev/vegan-node/src/services/TokenService.ts": {"path":"/home/marco/Dev/vegan-node/src/services/TokenService.ts","statementMap":{"0":{"start":{"line":6,"column":29},"end":{"line":15,"column":1}},"1":{"start":{"line":7,"column":2},"end":{"line":14,"column":5}},"2":{"start":{"line":17,"column":30},"end":{"line":37,"column":1}},"3":{"start":{"line":22,"column":2},"end":{"line":36,"column":4}},"4":{"start":{"line":23,"column":4},"end":{"line":26,"column":5}},"5":{"start":{"line":24,"column":6},"end":{"line":24,"column":32}},"6":{"start":{"line":25,"column":6},"end":{"line":25,"column":13}},"7":{"start":{"line":28,"column":20},"end":{"line":28,"column":54}},"8":{"start":{"line":29,"column":24},"end":{"line":29,"column":45}},"9":{"start":{"line":30,"column":4},"end":{"line":33,"column":5}},"10":{"start":{"line":31,"column":6},"end":{"line":31,"column":32}},"11":{"start":{"line":32,"column":6},"end":{"line":32,"column":13}},"12":{"start":{"line":34,"column":4},"end":{"line":34,"column":35}},"13":{"start":{"line":35,"column":4},"end":{"line":35,"column":11}},"14":{"start":{"line":41,"column":18},"end":{"line":41,"column":60}},"15":{"start":{"line":42,"column":4},"end":{"line":52,"column":5}},"16":{"start":{"line":43,"column":6},"end":{"line":50,"column":9}},"17":{"start":{"line":51,"column":6},"end":{"line":51,"column":13}},"18":{"start":{"line":53,"column":4},"end":{"line":63,"column":5}},"19":{"start":{"line":54,"column":6},"end":{"line":61,"column":9}},"20":{"start":{"line":62,"column":6},"end":{"line":62,"column":13}},"21":{"start":{"line":64,"column":30},"end":{"line":64,"column":67}},"22":{"start":{"line":65,"column":4},"end":{"line":65,"column":62}}},"fnMap":{"0":{"name":"(anonymous_0)","decl":{"start":{"line":6,"column":29},"end":{"line":6,"column":30}},"loc":{"start":{"line":6,"column":48},"end":{"line":15,"column":1}},"line":6},"1":{"name":"(anonymous_1)","decl":{"start":{"line":17,"column":30},"end":{"line":17,"column":31}},"loc":{"start":{"line":21,"column":21},"end":{"line":37,"column":1}},"line":21},"2":{"name":"(anonymous_2)","decl":{"start":{"line":22,"column":9},"end":{"line":22,"column":10}},"loc":{"start":{"line":22,"column":36},"end":{"line":36,"column":3}},"line":22},"3":{"name":"(anonymous_3)","decl":{"start":{"line":40,"column":2},"end":{"line":40,"column":3}},"loc":{"start":{"line":40,"column":78},"end":{"line":66,"column":3}},"line":40}},"branchMap":{"0":{"loc":{"start":{"line":23,"column":4},"end":{"line":26,"column":5}},"type":"if","locations":[{"start":{"line":23,"column":4},"end":{"line":26,"column":5}},{"start":{},"end":{}}],"line":23},"1":{"loc":{"start":{"line":30,"column":4},"end":{"line":33,"column":5}},"type":"if","locations":[{"start":{"line":30,"column":4},"end":{"line":33,"column":5}},{"start":{},"end":{}}],"line":30},"2":{"loc":{"start":{"line":42,"column":4},"end":{"line":52,"column":5}},"type":"if","locations":[{"start":{"line":42,"column":4},"end":{"line":52,"column":5}},{"start":{},"end":{}}],"line":42},"3":{"loc":{"start":{"line":53,"column":4},"end":{"line":63,"column":5}},"type":"if","locations":[{"start":{"line":53,"column":4},"end":{"line":63,"column":5}},{"start":{},"end":{}}],"line":53}},"s":{"0":1,"1":0,"2":1,"3":0,"4":0,"5":0,"6":0,"7":0,"8":0,"9":0,"10":0,"11":0,"12":0,"13":0,"14":0,"15":0,"16":0,"17":0,"18":0,"19":0,"20":0,"21":0,"22":0},"f":{"0":0,"1":0,"2":0,"3":0},"b":{"0":[0,0],"1":[0,0],"2":[0,0],"3":[0,0]},"_coverageSchema":"1a1c01bbd47fc00a2c39e90264f33305004495a9","hash":"037335037c7b7d6c66ea68e1fe2af5f56d3e443e"}
,"/home/marco/Dev/vegan-node/src/typings/Controller.ts": {"path":"/home/marco/Dev/vegan-node/src/typings/Controller.ts","statementMap":{"0":{"start":{"line":36,"column":28},"end":{"line":41,"column":1}},"1":{"start":{"line":37,"column":37},"end":{"line":37,"column":42}},"2":{"start":{"line":38,"column":2},"end":{"line":40,"column":3}},"3":{"start":{"line":39,"column":4},"end":{"line":39,"column":33}},"4":{"start":{"line":43,"column":24},"end":{"line":45,"column":1}},"5":{"start":{"line":44,"column":2},"end":{"line":44,"column":50}},"6":{"start":{"line":48,"column":2},"end":{"line":55,"column":3}},"7":{"start":{"line":49,"column":4},"end":{"line":54,"column":5}},"8":{"start":{"line":50,"column":6},"end":{"line":50,"column":46}},"9":{"start":{"line":51,"column":6},"end":{"line":51,"column":42}},"10":{"start":{"line":53,"column":6},"end":{"line":53,"column":42}},"11":{"start":{"line":57,"column":2},"end":{"line":57,"column":21}},"12":{"start":{"line":61,"column":26},"end":{"line":61,"column":34}},"13":{"start":{"line":65,"column":21},"end":{"line":65,"column":30}},"14":{"start":{"line":73,"column":4},"end":{"line":76,"column":7}},"15":{"start":{"line":84,"column":4},"end":{"line":86,"column":7}}},"fnMap":{"0":{"name":"(anonymous_0)","decl":{"start":{"line":36,"column":28},"end":{"line":36,"column":29}},"loc":{"start":{"line":36,"column":65},"end":{"line":41,"column":1}},"line":36},"1":{"name":"(anonymous_1)","decl":{"start":{"line":43,"column":24},"end":{"line":43,"column":25}},"loc":{"start":{"line":43,"column":61},"end":{"line":45,"column":1}},"line":43},"2":{"name":"setRoutes","decl":{"start":{"line":47,"column":9},"end":{"line":47,"column":18}},"loc":{"start":{"line":47,"column":45},"end":{"line":58,"column":1}},"line":47},"3":{"name":"(anonymous_3)","decl":{"start":{"line":67,"column":2},"end":{"line":67,"column":3}},"loc":{"start":{"line":72,"column":33},"end":{"line":77,"column":3}},"line":72},"4":{"name":"(anonymous_4)","decl":{"start":{"line":79,"column":2},"end":{"line":79,"column":3}},"loc":{"start":{"line":83,"column":47},"end":{"line":87,"column":3}},"line":83}},"branchMap":{"0":{"loc":{"start":{"line":73,"column":22},"end":{"line":73,"column":33}},"type":"binary-expr","locations":[{"start":{"line":73,"column":22},"end":{"line":73,"column":26}},{"start":{"line":73,"column":30},"end":{"line":73,"column":33}}],"line":73},"1":{"loc":{"start":{"line":74,"column":15},"end":{"line":74,"column":35}},"type":"binary-expr","locations":[{"start":{"line":74,"column":15},"end":{"line":74,"column":22}},{"start":{"line":74,"column":26},"end":{"line":74,"column":35}}],"line":74},"2":{"loc":{"start":{"line":84,"column":22},"end":{"line":84,"column":33}},"type":"binary-expr","locations":[{"start":{"line":84,"column":22},"end":{"line":84,"column":26}},{"start":{"line":84,"column":30},"end":{"line":84,"column":33}}],"line":84},"3":{"loc":{"start":{"line":85,"column":15},"end":{"line":85,"column":49}},"type":"binary-expr","locations":[{"start":{"line":85,"column":15},"end":{"line":85,"column":22}},{"start":{"line":85,"column":26},"end":{"line":85,"column":49}}],"line":85}},"s":{"0":1,"1":0,"2":0,"3":0,"4":1,"5":0,"6":0,"7":0,"8":0,"9":0,"10":0,"11":0,"12":24,"13":24,"14":16,"15":8},"f":{"0":0,"1":0,"2":0,"3":16,"4":8},"b":{"0":[16,0],"1":[16,0],"2":[8,4],"3":[8,4]},"_coverageSchema":"1a1c01bbd47fc00a2c39e90264f33305004495a9","hash":"b88bf8449807b920b023dabf8ac2f648a18fcea6"}
,"/home/marco/Dev/vegan-node/src/typings/Server.ts": {"path":"/home/marco/Dev/vegan-node/src/typings/Server.ts","statementMap":{"0":{"start":{"line":12,"column":4},"end":{"line":12,"column":19}},"1":{"start":{"line":13,"column":4},"end":{"line":13,"column":29}},"2":{"start":{"line":14,"column":4},"end":{"line":14,"column":21}},"3":{"start":{"line":18,"column":4},"end":{"line":20,"column":7}},"4":{"start":{"line":19,"column":6},"end":{"line":19,"column":64}},"5":{"start":{"line":24,"column":4},"end":{"line":26,"column":7}},"6":{"start":{"line":25,"column":6},"end":{"line":25,"column":31}},"7":{"start":{"line":30,"column":4},"end":{"line":32,"column":7}},"8":{"start":{"line":31,"column":6},"end":{"line":31,"column":60}},"9":{"start":{"line":36,"column":4},"end":{"line":41,"column":5}},"10":{"start":{"line":37,"column":6},"end":{"line":37,"column":41}},"11":{"start":{"line":38,"column":6},"end":{"line":38,"column":60}},"12":{"start":{"line":40,"column":6},"end":{"line":40,"column":23}}},"fnMap":{"0":{"name":"(anonymous_0)","decl":{"start":{"line":11,"column":2},"end":{"line":11,"column":3}},"loc":{"start":{"line":11,"column":67},"end":{"line":15,"column":3}},"line":11},"1":{"name":"(anonymous_1)","decl":{"start":{"line":17,"column":2},"end":{"line":17,"column":3}},"loc":{"start":{"line":17,"column":28},"end":{"line":21,"column":3}},"line":17},"2":{"name":"(anonymous_2)","decl":{"start":{"line":18,"column":38},"end":{"line":18,"column":39}},"loc":{"start":{"line":18,"column":44},"end":{"line":20,"column":5}},"line":18},"3":{"name":"(anonymous_3)","decl":{"start":{"line":23,"column":2},"end":{"line":23,"column":3}},"loc":{"start":{"line":23,"column":66},"end":{"line":27,"column":3}},"line":23},"4":{"name":"(anonymous_4)","decl":{"start":{"line":24,"column":24},"end":{"line":24,"column":25}},"loc":{"start":{"line":24,"column":40},"end":{"line":26,"column":5}},"line":24},"5":{"name":"(anonymous_5)","decl":{"start":{"line":29,"column":2},"end":{"line":29,"column":3}},"loc":{"start":{"line":29,"column":63},"end":{"line":33,"column":3}},"line":29},"6":{"name":"(anonymous_6)","decl":{"start":{"line":30,"column":24},"end":{"line":30,"column":25}},"loc":{"start":{"line":30,"column":40},"end":{"line":32,"column":5}},"line":30},"7":{"name":"(anonymous_7)","decl":{"start":{"line":35,"column":2},"end":{"line":35,"column":3}},"loc":{"start":{"line":35,"column":45},"end":{"line":42,"column":3}},"line":35}},"branchMap":{},"s":{"0":1,"1":1,"2":1,"3":2,"4":0,"5":2,"6":2,"7":2,"8":2,"9":1,"10":1,"11":1,"12":0},"f":{"0":1,"1":2,"2":0,"3":2,"4":2,"5":2,"6":2,"7":1},"b":{},"_coverageSchema":"1a1c01bbd47fc00a2c39e90264f33305004495a9","hash":"4ba5f75858693a7e7aeb0d7cf3cc2839735b3834"}
}
