{"/home/marco/Dev/vegan-node/src/config.ts": {"path":"/home/marco/Dev/vegan-node/src/config.ts","statementMap":{"0":{"start":{"line":3,"column":0},"end":{"line":3,"column":16}},"1":{"start":{"line":5,"column":28},"end":{"line":5,"column":69}},"2":{"start":{"line":6,"column":29},"end":{"line":6,"column":54}},"3":{"start":{"line":7,"column":29},"end":{"line":7,"column":74}},"4":{"start":{"line":8,"column":33},"end":{"line":8,"column":68}},"5":{"start":{"line":9,"column":33},"end":{"line":9,"column":68}},"6":{"start":{"line":11,"column":20},"end":{"line":11,"column":56}},"7":{"start":{"line":13,"column":2},"end":{"line":13,"column":50}},"8":{"start":{"line":15,"column":15},"end":{"line":29,"column":1}}},"fnMap":{},"branchMap":{"0":{"loc":{"start":{"line":5,"column":28},"end":{"line":5,"column":69}},"type":"binary-expr","locations":[{"start":{"line":5,"column":28},"end":{"line":5,"column":52}},{"start":{"line":5,"column":56},"end":{"line":5,"column":69}}],"line":5},"1":{"loc":{"start":{"line":7,"column":38},"end":{"line":7,"column":73}},"type":"binary-expr","locations":[{"start":{"line":7,"column":38},"end":{"line":7,"column":63}},{"start":{"line":7,"column":67},"end":{"line":7,"column":73}}],"line":7},"2":{"loc":{"start":{"line":8,"column":33},"end":{"line":8,"column":68}},"type":"binary-expr","locations":[{"start":{"line":8,"column":33},"end":{"line":8,"column":62}},{"start":{"line":8,"column":66},"end":{"line":8,"column":68}}],"line":8},"3":{"loc":{"start":{"line":9,"column":33},"end":{"line":9,"column":68}},"type":"binary-expr","locations":[{"start":{"line":9,"column":33},"end":{"line":9,"column":62}},{"start":{"line":9,"column":66},"end":{"line":9,"column":68}}],"line":9},"4":{"loc":{"start":{"line":11,"column":29},"end":{"line":11,"column":55}},"type":"binary-expr","locations":[{"start":{"line":11,"column":29},"end":{"line":11,"column":45}},{"start":{"line":11,"column":49},"end":{"line":11,"column":55}}],"line":11},"5":{"loc":{"start":{"line":13,"column":2},"end":{"line":13,"column":50}},"type":"binary-expr","locations":[{"start":{"line":13,"column":2},"end":{"line":13,"column":33}},{"start":{"line":13,"column":37},"end":{"line":13,"column":50}}],"line":13}},"s":{"0":5,"1":5,"2":5,"3":5,"4":5,"5":5,"6":5,"7":5,"8":5},"f":{},"b":{"0":[5,0],"1":[5,0],"2":[5,0],"3":[5,0],"4":[5,0],"5":[5,0]},"_coverageSchema":"1a1c01bbd47fc00a2c39e90264f33305004495a9","hash":"c245ba7fadf5462453e4f7360120074bf81f39c2"}
,"/home/marco/Dev/vegan-node/src/controllers/AuthController.ts": {"path":"/home/marco/Dev/vegan-node/src/controllers/AuthController.ts","statementMap":{"0":{"start":{"line":12,"column":4},"end":{"line":12,"column":12}},"1":{"start":{"line":14,"column":4},"end":{"line":14,"column":35}},"2":{"start":{"line":15,"column":4},"end":{"line":15,"column":29}},"3":{"start":{"line":19,"column":4},"end":{"line":39,"column":5}},"4":{"start":{"line":20,"column":37},"end":{"line":20,"column":45}},"5":{"start":{"line":21,"column":26},"end":{"line":25,"column":7}},"6":{"start":{"line":26,"column":19},"end":{"line":26,"column":44}},"7":{"start":{"line":27,"column":6},"end":{"line":30,"column":7}},"8":{"start":{"line":28,"column":8},"end":{"line":28,"column":67}},"9":{"start":{"line":29,"column":8},"end":{"line":29,"column":15}},"10":{"start":{"line":31,"column":6},"end":{"line":36,"column":9}},"11":{"start":{"line":38,"column":6},"end":{"line":38,"column":31}},"12":{"start":{"line":43,"column":4},"end":{"line":63,"column":5}},"13":{"start":{"line":44,"column":37},"end":{"line":44,"column":45}},"14":{"start":{"line":45,"column":26},"end":{"line":49,"column":7}},"15":{"start":{"line":50,"column":19},"end":{"line":50,"column":47}},"16":{"start":{"line":51,"column":6},"end":{"line":54,"column":7}},"17":{"start":{"line":52,"column":8},"end":{"line":52,"column":67}},"18":{"start":{"line":53,"column":8},"end":{"line":53,"column":15}},"19":{"start":{"line":55,"column":6},"end":{"line":60,"column":9}},"20":{"start":{"line":62,"column":6},"end":{"line":62,"column":31}},"21":{"start":{"line":67,"column":4},"end":{"line":87,"column":5}},"22":{"start":{"line":68,"column":37},"end":{"line":68,"column":45}},"23":{"start":{"line":69,"column":26},"end":{"line":73,"column":7}},"24":{"start":{"line":74,"column":19},"end":{"line":74,"column":49}},"25":{"start":{"line":75,"column":6},"end":{"line":78,"column":7}},"26":{"start":{"line":76,"column":8},"end":{"line":76,"column":67}},"27":{"start":{"line":77,"column":8},"end":{"line":77,"column":15}},"28":{"start":{"line":79,"column":6},"end":{"line":84,"column":9}},"29":{"start":{"line":86,"column":6},"end":{"line":86,"column":31}},"30":{"start":{"line":91,"column":4},"end":{"line":111,"column":5}},"31":{"start":{"line":92,"column":37},"end":{"line":92,"column":45}},"32":{"start":{"line":93,"column":26},"end":{"line":97,"column":7}},"33":{"start":{"line":98,"column":19},"end":{"line":98,"column":53}},"34":{"start":{"line":99,"column":6},"end":{"line":102,"column":7}},"35":{"start":{"line":100,"column":8},"end":{"line":100,"column":67}},"36":{"start":{"line":101,"column":8},"end":{"line":101,"column":15}},"37":{"start":{"line":103,"column":6},"end":{"line":108,"column":9}},"38":{"start":{"line":110,"column":6},"end":{"line":110,"column":31}},"39":{"start":{"line":113,"column":9},"end":{"line":113,"column":16}},"40":{"start":{"line":114,"column":11},"end":{"line":139,"column":3}}},"fnMap":{"0":{"name":"(anonymous_0)","decl":{"start":{"line":8,"column":2},"end":{"line":8,"column":3}},"loc":{"start":{"line":11,"column":4},"end":{"line":16,"column":3}},"line":11},"1":{"name":"(anonymous_1)","decl":{"start":{"line":18,"column":2},"end":{"line":18,"column":3}},"loc":{"start":{"line":18,"column":64},"end":{"line":40,"column":3}},"line":18},"2":{"name":"(anonymous_2)","decl":{"start":{"line":42,"column":2},"end":{"line":42,"column":3}},"loc":{"start":{"line":42,"column":67},"end":{"line":64,"column":3}},"line":42},"3":{"name":"(anonymous_3)","decl":{"start":{"line":66,"column":2},"end":{"line":66,"column":3}},"loc":{"start":{"line":66,"column":69},"end":{"line":88,"column":3}},"line":66},"4":{"name":"(anonymous_4)","decl":{"start":{"line":90,"column":2},"end":{"line":90,"column":3}},"loc":{"start":{"line":90,"column":73},"end":{"line":112,"column":3}},"line":90}},"branchMap":{"0":{"loc":{"start":{"line":27,"column":6},"end":{"line":30,"column":7}},"type":"if","locations":[{"start":{"line":27,"column":6},"end":{"line":30,"column":7}},{"start":{},"end":{}}],"line":27},"1":{"loc":{"start":{"line":51,"column":6},"end":{"line":54,"column":7}},"type":"if","locations":[{"start":{"line":51,"column":6},"end":{"line":54,"column":7}},{"start":{},"end":{}}],"line":51},"2":{"loc":{"start":{"line":75,"column":6},"end":{"line":78,"column":7}},"type":"if","locations":[{"start":{"line":75,"column":6},"end":{"line":78,"column":7}},{"start":{},"end":{}}],"line":75},"3":{"loc":{"start":{"line":99,"column":6},"end":{"line":102,"column":7}},"type":"if","locations":[{"start":{"line":99,"column":6},"end":{"line":102,"column":7}},{"start":{},"end":{}}],"line":99}},"s":{"0":40,"1":40,"2":40,"3":9,"4":9,"5":9,"6":9,"7":9,"8":3,"9":3,"10":2,"11":4,"12":8,"13":8,"14":8,"15":8,"16":8,"17":2,"18":2,"19":2,"20":4,"21":10,"22":10,"23":10,"24":10,"25":10,"26":3,"27":3,"28":3,"29":4,"30":6,"31":6,"32":6,"33":6,"34":6,"35":1,"36":1,"37":1,"38":4,"39":40,"40":40},"f":{"0":40,"1":9,"2":8,"3":10,"4":6},"b":{"0":[3,2],"1":[2,2],"2":[3,3],"3":[1,1]},"_coverageSchema":"1a1c01bbd47fc00a2c39e90264f33305004495a9","hash":"7426f5cc7802cbd64f7f16174c14467837363561"}
,"/home/marco/Dev/vegan-node/src/controllers/TokenController.ts": {"path":"/home/marco/Dev/vegan-node/src/controllers/TokenController.ts","statementMap":{"0":{"start":{"line":6,"column":9},"end":{"line":6,"column":12}},"1":{"start":{"line":7,"column":11},"end":{"line":14,"column":3}},"2":{"start":{"line":17,"column":29},"end":{"line":17,"column":32}},"3":{"start":{"line":18,"column":4},"end":{"line":21,"column":5}},"4":{"start":{"line":19,"column":36},"end":{"line":19,"column":72}},"5":{"start":{"line":20,"column":6},"end":{"line":20,"column":66}}},"fnMap":{"0":{"name":"(anonymous_0)","decl":{"start":{"line":16,"column":2},"end":{"line":16,"column":3}},"loc":{"start":{"line":16,"column":46},"end":{"line":22,"column":3}},"line":16}},"branchMap":{"0":{"loc":{"start":{"line":18,"column":4},"end":{"line":21,"column":5}},"type":"if","locations":[{"start":{"line":18,"column":4},"end":{"line":21,"column":5}},{"start":{},"end":{}}],"line":18}},"s":{"0":11,"1":11,"2":0,"3":0,"4":0,"5":0},"f":{"0":0},"b":{"0":[0,0]},"_coverageSchema":"1a1c01bbd47fc00a2c39e90264f33305004495a9","hash":"1921053cf4c1c4435ff5f67c452464a4366bbbdb"}
,"/home/marco/Dev/vegan-node/src/models/UserModel.ts": {"path":"/home/marco/Dev/vegan-node/src/models/UserModel.ts","statementMap":{"0":{"start":{"line":17,"column":2},"end":{"line":38,"column":4}}},"fnMap":{"0":{"name":"getUser","decl":{"start":{"line":16,"column":16},"end":{"line":16,"column":23}},"loc":{"start":{"line":16,"column":63},"end":{"line":39,"column":1}},"line":16}},"branchMap":{},"s":{"0":2},"f":{"0":2},"b":{},"_coverageSchema":"1a1c01bbd47fc00a2c39e90264f33305004495a9","hash":"d9c931c71e21a0732316ae3817a353273b25a175"}
,"/home/marco/Dev/vegan-node/src/services/TokenService.ts": {"path":"/home/marco/Dev/vegan-node/src/services/TokenService.ts","statementMap":{"0":{"start":{"line":6,"column":29},"end":{"line":15,"column":1}},"1":{"start":{"line":7,"column":2},"end":{"line":14,"column":5}},"2":{"start":{"line":17,"column":30},"end":{"line":38,"column":1}},"3":{"start":{"line":22,"column":2},"end":{"line":37,"column":4}},"4":{"start":{"line":23,"column":4},"end":{"line":27,"column":5}},"5":{"start":{"line":24,"column":6},"end":{"line":24,"column":23}},"6":{"start":{"line":25,"column":6},"end":{"line":25,"column":32}},"7":{"start":{"line":26,"column":6},"end":{"line":26,"column":13}},"8":{"start":{"line":29,"column":20},"end":{"line":29,"column":54}},"9":{"start":{"line":30,"column":24},"end":{"line":30,"column":45}},"10":{"start":{"line":31,"column":4},"end":{"line":34,"column":5}},"11":{"start":{"line":32,"column":6},"end":{"line":32,"column":32}},"12":{"start":{"line":33,"column":6},"end":{"line":33,"column":13}},"13":{"start":{"line":35,"column":4},"end":{"line":35,"column":35}},"14":{"start":{"line":36,"column":4},"end":{"line":36,"column":11}},"15":{"start":{"line":42,"column":18},"end":{"line":42,"column":60}},"16":{"start":{"line":43,"column":4},"end":{"line":53,"column":5}},"17":{"start":{"line":44,"column":6},"end":{"line":51,"column":9}},"18":{"start":{"line":52,"column":6},"end":{"line":52,"column":13}},"19":{"start":{"line":54,"column":4},"end":{"line":64,"column":5}},"20":{"start":{"line":55,"column":6},"end":{"line":62,"column":9}},"21":{"start":{"line":63,"column":6},"end":{"line":63,"column":13}},"22":{"start":{"line":65,"column":30},"end":{"line":65,"column":67}},"23":{"start":{"line":66,"column":4},"end":{"line":66,"column":62}}},"fnMap":{"0":{"name":"(anonymous_0)","decl":{"start":{"line":6,"column":29},"end":{"line":6,"column":30}},"loc":{"start":{"line":6,"column":48},"end":{"line":15,"column":1}},"line":6},"1":{"name":"(anonymous_1)","decl":{"start":{"line":17,"column":30},"end":{"line":17,"column":31}},"loc":{"start":{"line":21,"column":21},"end":{"line":38,"column":1}},"line":21},"2":{"name":"(anonymous_2)","decl":{"start":{"line":22,"column":9},"end":{"line":22,"column":10}},"loc":{"start":{"line":22,"column":36},"end":{"line":37,"column":3}},"line":22},"3":{"name":"(anonymous_3)","decl":{"start":{"line":41,"column":2},"end":{"line":41,"column":3}},"loc":{"start":{"line":41,"column":78},"end":{"line":67,"column":3}},"line":41}},"branchMap":{"0":{"loc":{"start":{"line":23,"column":4},"end":{"line":27,"column":5}},"type":"if","locations":[{"start":{"line":23,"column":4},"end":{"line":27,"column":5}},{"start":{},"end":{}}],"line":23},"1":{"loc":{"start":{"line":31,"column":4},"end":{"line":34,"column":5}},"type":"if","locations":[{"start":{"line":31,"column":4},"end":{"line":34,"column":5}},{"start":{},"end":{}}],"line":31},"2":{"loc":{"start":{"line":43,"column":4},"end":{"line":53,"column":5}},"type":"if","locations":[{"start":{"line":43,"column":4},"end":{"line":53,"column":5}},{"start":{},"end":{}}],"line":43},"3":{"loc":{"start":{"line":54,"column":4},"end":{"line":64,"column":5}},"type":"if","locations":[{"start":{"line":54,"column":4},"end":{"line":64,"column":5}},{"start":{},"end":{}}],"line":54}},"s":{"0":4,"1":2,"2":4,"3":7,"4":7,"5":1,"6":1,"7":1,"8":6,"9":6,"10":6,"11":1,"12":1,"13":5,"14":5,"15":12,"16":12,"17":4,"18":4,"19":8,"20":1,"21":1,"22":7,"23":7},"f":{"0":2,"1":7,"2":7,"3":12},"b":{"0":[1,6],"1":[1,5],"2":[4,8],"3":[1,7]},"_coverageSchema":"1a1c01bbd47fc00a2c39e90264f33305004495a9","hash":"2ce72007bebbdd42a1ea786f8a26ba84efd15415"}
,"/home/marco/Dev/vegan-node/src/services/UserService.ts": {"path":"/home/marco/Dev/vegan-node/src/services/UserService.ts","statementMap":{"0":{"start":{"line":13,"column":16},"end":{"line":19,"column":1}},"1":{"start":{"line":14,"column":21},"end":{"line":16,"column":4}},"2":{"start":{"line":18,"column":2},"end":{"line":18,"column":20}},"3":{"start":{"line":21,"column":23},"end":{"line":32,"column":1}},"4":{"start":{"line":26,"column":22},"end":{"line":29,"column":4}},"5":{"start":{"line":31,"column":2},"end":{"line":31,"column":21}},"6":{"start":{"line":34,"column":19},"end":{"line":42,"column":1}},"7":{"start":{"line":39,"column":25},"end":{"line":39,"column":56}},"8":{"start":{"line":40,"column":22},"end":{"line":40,"column":72}},"9":{"start":{"line":41,"column":2},"end":{"line":41,"column":21}},"10":{"start":{"line":44,"column":19},"end":{"line":54,"column":1}},"11":{"start":{"line":49,"column":25},"end":{"line":49,"column":56}},"12":{"start":{"line":50,"column":2},"end":{"line":53,"column":4}},"13":{"start":{"line":64,"column":4},"end":{"line":88,"column":5}},"14":{"start":{"line":65,"column":25},"end":{"line":65,"column":68}},"15":{"start":{"line":67,"column":6},"end":{"line":67,"column":74}},"16":{"start":{"line":67,"column":23},"end":{"line":67,"column":74}},"17":{"start":{"line":69,"column":30},"end":{"line":72,"column":7}},"18":{"start":{"line":74,"column":6},"end":{"line":76,"column":7}},"19":{"start":{"line":75,"column":8},"end":{"line":75,"column":63}},"20":{"start":{"line":77,"column":6},"end":{"line":79,"column":7}},"21":{"start":{"line":78,"column":8},"end":{"line":78,"column":26}},"22":{"start":{"line":80,"column":19},"end":{"line":80,"column":47}},"23":{"start":{"line":81,"column":6},"end":{"line":85,"column":8}},"24":{"start":{"line":87,"column":6},"end":{"line":87,"column":62}},"25":{"start":{"line":92,"column":4},"end":{"line":113,"column":5}},"26":{"start":{"line":93,"column":25},"end":{"line":93,"column":68}},"27":{"start":{"line":94,"column":6},"end":{"line":94,"column":80}},"28":{"start":{"line":94,"column":22},"end":{"line":94,"column":80}},"29":{"start":{"line":96,"column":26},"end":{"line":100,"column":7}},"30":{"start":{"line":102,"column":6},"end":{"line":104,"column":7}},"31":{"start":{"line":103,"column":8},"end":{"line":103,"column":26}},"32":{"start":{"line":105,"column":19},"end":{"line":105,"column":48}},"33":{"start":{"line":106,"column":6},"end":{"line":110,"column":8}},"34":{"start":{"line":112,"column":6},"end":{"line":112,"column":62}},"35":{"start":{"line":117,"column":4},"end":{"line":132,"column":5}},"36":{"start":{"line":118,"column":33},"end":{"line":120,"column":8}},"37":{"start":{"line":121,"column":6},"end":{"line":122,"column":61}},"38":{"start":{"line":122,"column":8},"end":{"line":122,"column":61}},"39":{"start":{"line":123,"column":6},"end":{"line":125,"column":7}},"40":{"start":{"line":124,"column":8},"end":{"line":124,"column":26}},"41":{"start":{"line":126,"column":6},"end":{"line":129,"column":8}},"42":{"start":{"line":131,"column":6},"end":{"line":131,"column":62}},"43":{"start":{"line":136,"column":4},"end":{"line":154,"column":5}},"44":{"start":{"line":137,"column":36},"end":{"line":141,"column":7}},"45":{"start":{"line":143,"column":6},"end":{"line":144,"column":61}},"46":{"start":{"line":144,"column":8},"end":{"line":144,"column":61}},"47":{"start":{"line":145,"column":6},"end":{"line":147,"column":7}},"48":{"start":{"line":146,"column":8},"end":{"line":146,"column":26}},"49":{"start":{"line":148,"column":6},"end":{"line":151,"column":8}},"50":{"start":{"line":153,"column":6},"end":{"line":153,"column":62}},"51":{"start":{"line":158,"column":18},"end":{"line":160,"column":6}},"52":{"start":{"line":161,"column":26},"end":{"line":168,"column":5}},"53":{"start":{"line":169,"column":4},"end":{"line":169,"column":16}}},"fnMap":{"0":{"name":"(anonymous_0)","decl":{"start":{"line":13,"column":16},"end":{"line":13,"column":17}},"loc":{"start":{"line":13,"column":61},"end":{"line":19,"column":1}},"line":13},"1":{"name":"(anonymous_1)","decl":{"start":{"line":21,"column":23},"end":{"line":21,"column":24}},"loc":{"start":{"line":25,"column":5},"end":{"line":32,"column":1}},"line":25},"2":{"name":"(anonymous_2)","decl":{"start":{"line":34,"column":19},"end":{"line":34,"column":20}},"loc":{"start":{"line":38,"column":5},"end":{"line":42,"column":1}},"line":38},"3":{"name":"(anonymous_3)","decl":{"start":{"line":44,"column":19},"end":{"line":44,"column":20}},"loc":{"start":{"line":48,"column":5},"end":{"line":54,"column":1}},"line":48},"4":{"name":"(anonymous_4)","decl":{"start":{"line":57,"column":2},"end":{"line":57,"column":3}},"loc":{"start":{"line":61,"column":4},"end":{"line":61,"column":6}},"line":61},"5":{"name":"(anonymous_5)","decl":{"start":{"line":63,"column":2},"end":{"line":63,"column":3}},"loc":{"start":{"line":63,"column":48},"end":{"line":89,"column":3}},"line":63},"6":{"name":"(anonymous_6)","decl":{"start":{"line":91,"column":2},"end":{"line":91,"column":3}},"loc":{"start":{"line":91,"column":51},"end":{"line":114,"column":3}},"line":91},"7":{"name":"(anonymous_7)","decl":{"start":{"line":116,"column":2},"end":{"line":116,"column":3}},"loc":{"start":{"line":116,"column":53},"end":{"line":133,"column":3}},"line":116},"8":{"name":"(anonymous_8)","decl":{"start":{"line":135,"column":2},"end":{"line":135,"column":3}},"loc":{"start":{"line":135,"column":57},"end":{"line":155,"column":3}},"line":135},"9":{"name":"(anonymous_9)","decl":{"start":{"line":157,"column":2},"end":{"line":157,"column":3}},"loc":{"start":{"line":157,"column":51},"end":{"line":170,"column":3}},"line":157}},"branchMap":{"0":{"loc":{"start":{"line":67,"column":6},"end":{"line":67,"column":74}},"type":"if","locations":[{"start":{"line":67,"column":6},"end":{"line":67,"column":74}},{"start":{},"end":{}}],"line":67},"1":{"loc":{"start":{"line":74,"column":6},"end":{"line":76,"column":7}},"type":"if","locations":[{"start":{"line":74,"column":6},"end":{"line":76,"column":7}},{"start":{},"end":{}}],"line":74},"2":{"loc":{"start":{"line":77,"column":6},"end":{"line":79,"column":7}},"type":"if","locations":[{"start":{"line":77,"column":6},"end":{"line":79,"column":7}},{"start":{},"end":{}}],"line":77},"3":{"loc":{"start":{"line":77,"column":10},"end":{"line":77,"column":38}},"type":"binary-expr","locations":[{"start":{"line":77,"column":10},"end":{"line":77,"column":20}},{"start":{"line":77,"column":24},"end":{"line":77,"column":38}}],"line":77},"4":{"loc":{"start":{"line":94,"column":6},"end":{"line":94,"column":80}},"type":"if","locations":[{"start":{"line":94,"column":6},"end":{"line":94,"column":80}},{"start":{},"end":{}}],"line":94},"5":{"loc":{"start":{"line":102,"column":6},"end":{"line":104,"column":7}},"type":"if","locations":[{"start":{"line":102,"column":6},"end":{"line":104,"column":7}},{"start":{},"end":{}}],"line":102},"6":{"loc":{"start":{"line":102,"column":10},"end":{"line":102,"column":40}},"type":"binary-expr","locations":[{"start":{"line":102,"column":10},"end":{"line":102,"column":21}},{"start":{"line":102,"column":25},"end":{"line":102,"column":40}}],"line":102},"7":{"loc":{"start":{"line":121,"column":6},"end":{"line":122,"column":61}},"type":"if","locations":[{"start":{"line":121,"column":6},"end":{"line":122,"column":61}},{"start":{},"end":{}}],"line":121},"8":{"loc":{"start":{"line":123,"column":6},"end":{"line":125,"column":7}},"type":"if","locations":[{"start":{"line":123,"column":6},"end":{"line":125,"column":7}},{"start":{},"end":{}}],"line":123},"9":{"loc":{"start":{"line":143,"column":6},"end":{"line":144,"column":61}},"type":"if","locations":[{"start":{"line":143,"column":6},"end":{"line":144,"column":61}},{"start":{},"end":{}}],"line":143},"10":{"loc":{"start":{"line":145,"column":6},"end":{"line":147,"column":7}},"type":"if","locations":[{"start":{"line":145,"column":6},"end":{"line":147,"column":7}},{"start":{},"end":{}}],"line":145}},"s":{"0":2,"1":17,"2":17,"3":2,"4":7,"5":7,"6":2,"7":7,"8":7,"9":7,"10":2,"11":5,"12":5,"13":8,"14":8,"15":8,"16":3,"17":5,"18":4,"19":2,"20":2,"21":0,"22":2,"23":2,"24":1,"25":9,"26":9,"27":9,"28":2,"29":7,"30":7,"31":1,"32":6,"33":2,"34":5,"35":9,"36":9,"37":9,"38":3,"39":6,"40":3,"41":3,"42":3,"43":5,"44":5,"45":2,"46":1,"47":1,"48":0,"49":1,"50":3,"51":8,"52":8,"53":4},"f":{"0":17,"1":7,"2":7,"3":5,"4":31,"5":8,"6":9,"7":9,"8":5,"9":8},"b":{"0":[3,5],"1":[2,2],"2":[0,2],"3":[2,2],"4":[2,7],"5":[1,6],"6":[7,3],"7":[3,6],"8":[3,3],"9":[1,1],"10":[0,1]},"_coverageSchema":"1a1c01bbd47fc00a2c39e90264f33305004495a9","hash":"df4624f766f25106a93a4f3c9e99b0ea98c414f3"}
,"/home/marco/Dev/vegan-node/src/typings/Controller.ts": {"path":"/home/marco/Dev/vegan-node/src/typings/Controller.ts","statementMap":{"0":{"start":{"line":36,"column":26},"end":{"line":36,"column":34}},"1":{"start":{"line":40,"column":21},"end":{"line":54,"column":3}},"2":{"start":{"line":41,"column":4},"end":{"line":51,"column":5}},"3":{"start":{"line":42,"column":6},"end":{"line":50,"column":7}},"4":{"start":{"line":43,"column":43},"end":{"line":43,"column":48}},"5":{"start":{"line":44,"column":8},"end":{"line":46,"column":9}},"6":{"start":{"line":45,"column":10},"end":{"line":45,"column":44}},"7":{"start":{"line":47,"column":8},"end":{"line":47,"column":72}},"8":{"start":{"line":49,"column":8},"end":{"line":49,"column":44}},"9":{"start":{"line":53,"column":4},"end":{"line":53,"column":23}},"10":{"start":{"line":62,"column":4},"end":{"line":65,"column":7}},"11":{"start":{"line":73,"column":4},"end":{"line":75,"column":7}}},"fnMap":{"0":{"name":"(anonymous_0)","decl":{"start":{"line":40,"column":21},"end":{"line":40,"column":22}},"loc":{"start":{"line":40,"column":35},"end":{"line":54,"column":3}},"line":40},"1":{"name":"(anonymous_1)","decl":{"start":{"line":56,"column":2},"end":{"line":56,"column":3}},"loc":{"start":{"line":61,"column":33},"end":{"line":66,"column":3}},"line":61},"2":{"name":"(anonymous_2)","decl":{"start":{"line":68,"column":2},"end":{"line":68,"column":3}},"loc":{"start":{"line":72,"column":47},"end":{"line":76,"column":3}},"line":72}},"branchMap":{"0":{"loc":{"start":{"line":62,"column":22},"end":{"line":62,"column":33}},"type":"binary-expr","locations":[{"start":{"line":62,"column":22},"end":{"line":62,"column":26}},{"start":{"line":62,"column":30},"end":{"line":62,"column":33}}],"line":62},"1":{"loc":{"start":{"line":63,"column":15},"end":{"line":63,"column":35}},"type":"binary-expr","locations":[{"start":{"line":63,"column":15},"end":{"line":63,"column":22}},{"start":{"line":63,"column":26},"end":{"line":63,"column":35}}],"line":63},"2":{"loc":{"start":{"line":73,"column":22},"end":{"line":73,"column":33}},"type":"binary-expr","locations":[{"start":{"line":73,"column":22},"end":{"line":73,"column":26}},{"start":{"line":73,"column":30},"end":{"line":73,"column":33}}],"line":73},"3":{"loc":{"start":{"line":74,"column":15},"end":{"line":74,"column":49}},"type":"binary-expr","locations":[{"start":{"line":74,"column":15},"end":{"line":74,"column":22}},{"start":{"line":74,"column":26},"end":{"line":74,"column":49}}],"line":74}},"s":{"0":51,"1":51,"2":25,"3":67,"4":67,"5":67,"6":39,"7":67,"8":0,"9":25,"10":8,"11":25},"f":{"0":25,"1":8,"2":25},"b":{"0":[8,0],"1":[8,0],"2":[25,16],"3":[25,16]},"_coverageSchema":"1a1c01bbd47fc00a2c39e90264f33305004495a9","hash":"eefd907828df5ac7c73909ded6df278cb5691bb4"}
,"/home/marco/Dev/vegan-node/src/typings/Server.ts": {"path":"/home/marco/Dev/vegan-node/src/typings/Server.ts","statementMap":{"0":{"start":{"line":12,"column":4},"end":{"line":12,"column":19}},"1":{"start":{"line":13,"column":4},"end":{"line":13,"column":29}},"2":{"start":{"line":14,"column":4},"end":{"line":14,"column":21}},"3":{"start":{"line":18,"column":4},"end":{"line":20,"column":7}},"4":{"start":{"line":19,"column":6},"end":{"line":19,"column":64}},"5":{"start":{"line":24,"column":4},"end":{"line":26,"column":7}},"6":{"start":{"line":25,"column":6},"end":{"line":25,"column":31}},"7":{"start":{"line":30,"column":4},"end":{"line":32,"column":7}},"8":{"start":{"line":31,"column":6},"end":{"line":31,"column":60}},"9":{"start":{"line":36,"column":4},"end":{"line":41,"column":5}},"10":{"start":{"line":37,"column":6},"end":{"line":37,"column":41}},"11":{"start":{"line":38,"column":6},"end":{"line":38,"column":60}},"12":{"start":{"line":40,"column":6},"end":{"line":40,"column":23}}},"fnMap":{"0":{"name":"(anonymous_0)","decl":{"start":{"line":11,"column":2},"end":{"line":11,"column":3}},"loc":{"start":{"line":11,"column":67},"end":{"line":15,"column":3}},"line":11},"1":{"name":"(anonymous_1)","decl":{"start":{"line":17,"column":2},"end":{"line":17,"column":3}},"loc":{"start":{"line":17,"column":28},"end":{"line":21,"column":3}},"line":17},"2":{"name":"(anonymous_2)","decl":{"start":{"line":18,"column":38},"end":{"line":18,"column":39}},"loc":{"start":{"line":18,"column":44},"end":{"line":20,"column":5}},"line":18},"3":{"name":"(anonymous_3)","decl":{"start":{"line":23,"column":2},"end":{"line":23,"column":3}},"loc":{"start":{"line":23,"column":66},"end":{"line":27,"column":3}},"line":23},"4":{"name":"(anonymous_4)","decl":{"start":{"line":24,"column":24},"end":{"line":24,"column":25}},"loc":{"start":{"line":24,"column":40},"end":{"line":26,"column":5}},"line":24},"5":{"name":"(anonymous_5)","decl":{"start":{"line":29,"column":2},"end":{"line":29,"column":3}},"loc":{"start":{"line":29,"column":63},"end":{"line":33,"column":3}},"line":29},"6":{"name":"(anonymous_6)","decl":{"start":{"line":30,"column":24},"end":{"line":30,"column":25}},"loc":{"start":{"line":30,"column":40},"end":{"line":32,"column":5}},"line":30},"7":{"name":"(anonymous_7)","decl":{"start":{"line":35,"column":2},"end":{"line":35,"column":3}},"loc":{"start":{"line":35,"column":45},"end":{"line":42,"column":3}},"line":35}},"branchMap":{},"s":{"0":16,"1":16,"2":16,"3":0,"4":0,"5":13,"6":24,"7":13,"8":24,"9":12,"10":12,"11":12,"12":0},"f":{"0":16,"1":0,"2":0,"3":13,"4":24,"5":13,"6":24,"7":12},"b":{},"_coverageSchema":"1a1c01bbd47fc00a2c39e90264f33305004495a9","hash":"4ba5f75858693a7e7aeb0d7cf3cc2839735b3834"}
}
