TN:
SF:src/config.ts
FNF:0
FNH:0
DA:3,1
DA:5,1
DA:6,1
DA:7,1
DA:8,1
DA:9,1
DA:11,1
DA:13,1
DA:15,1
LF:9
LH:9
BRDA:5,0,0,1
BRDA:5,0,1,0
BRDA:7,1,0,1
BRDA:7,1,1,0
BRDA:8,2,0,1
BRDA:8,2,1,0
BRDA:9,3,0,1
BRDA:9,3,1,0
BRDA:11,4,0,1
BRDA:11,4,1,0
BRDA:13,5,0,1
BRDA:13,5,1,0
BRF:12
BRH:6
end_of_record
TN:
SF:src/controllers/AuthController.ts
FN:35,(anonymous_0)
FN:40,(anonymous_1)
FN:60,(anonymous_2)
FN:80,(anonymous_3)
FN:100,(anonymous_4)
FNF:5
FNH:5
FNDA:24,(anonymous_0)
FNDA:6,(anonymous_1)
FNDA:6,(anonymous_2)
FNDA:6,(anonymous_3)
FNDA:6,(anonymous_4)
DA:7,24
DA:8,24
DA:36,24
DA:37,24
DA:41,6
DA:42,6
DA:43,6
DA:44,6
DA:45,5
DA:46,1
DA:47,1
DA:49,4
DA:56,1
DA:61,6
DA:62,6
DA:63,6
DA:64,6
DA:65,5
DA:66,1
DA:67,1
DA:69,4
DA:76,1
DA:81,6
DA:82,6
DA:83,6
DA:84,6
DA:85,5
DA:86,1
DA:87,1
DA:89,4
DA:96,1
DA:101,6
DA:102,6
DA:103,6
DA:104,6
DA:105,5
DA:106,1
DA:107,1
DA:109,4
DA:116,1
LF:40
LH:40
BRDA:45,0,0,1
BRDA:45,0,1,4
BRDA:65,1,0,1
BRDA:65,1,1,4
BRDA:85,2,0,1
BRDA:85,2,1,4
BRDA:105,3,0,1
BRDA:105,3,1,4
BRF:8
BRH:8
end_of_record
TN:
SF:src/services/TokenService.ts
FN:6,(anonymous_0)
FN:17,(anonymous_1)
FN:22,(anonymous_2)
FN:40,(anonymous_3)
FNF:4
FNH:0
FNDA:0,(anonymous_0)
FNDA:0,(anonymous_1)
FNDA:0,(anonymous_2)
FNDA:0,(anonymous_3)
DA:6,1
DA:7,0
DA:17,1
DA:22,0
DA:23,0
DA:24,0
DA:25,0
DA:28,0
DA:29,0
DA:30,0
DA:31,0
DA:32,0
DA:34,0
DA:35,0
DA:41,0
DA:42,0
DA:43,0
DA:51,0
DA:53,0
DA:54,0
DA:62,0
DA:64,0
DA:65,0
LF:23
LH:2
BRDA:23,0,0,0
BRDA:23,0,1,0
BRDA:30,1,0,0
BRDA:30,1,1,0
BRDA:42,2,0,0
BRDA:42,2,1,0
BRDA:53,3,0,0
BRDA:53,3,1,0
BRF:8
BRH:0
end_of_record
TN:
SF:src/typings/Controller.ts
FN:36,(anonymous_0)
FN:43,(anonymous_1)
FN:47,setRoutes
FN:67,(anonymous_3)
FN:79,(anonymous_4)
FNF:5
FNH:2
FNDA:0,(anonymous_0)
FNDA:0,(anonymous_1)
FNDA:0,setRoutes
FNDA:16,(anonymous_3)
FNDA:8,(anonymous_4)
DA:36,1
DA:37,0
DA:38,0
DA:39,0
DA:43,1
DA:44,0
DA:48,0
DA:49,0
DA:50,0
DA:51,0
DA:53,0
DA:57,0
DA:61,24
DA:65,24
DA:73,16
DA:84,8
LF:16
LH:6
BRDA:73,0,0,16
BRDA:73,0,1,0
BRDA:74,1,0,16
BRDA:74,1,1,0
BRDA:84,2,0,8
BRDA:84,2,1,4
BRDA:85,3,0,8
BRDA:85,3,1,4
BRF:8
BRH:6
end_of_record
TN:
SF:src/typings/Server.ts
FN:11,(anonymous_0)
FN:17,(anonymous_1)
FN:18,(anonymous_2)
FN:23,(anonymous_3)
FN:24,(anonymous_4)
FN:29,(anonymous_5)
FN:30,(anonymous_6)
FN:35,(anonymous_7)
FNF:8
FNH:7
FNDA:1,(anonymous_0)
FNDA:2,(anonymous_1)
FNDA:0,(anonymous_2)
FNDA:2,(anonymous_3)
FNDA:2,(anonymous_4)
FNDA:2,(anonymous_5)
FNDA:2,(anonymous_6)
FNDA:1,(anonymous_7)
DA:12,1
DA:13,1
DA:14,1
DA:18,2
DA:19,0
DA:24,2
DA:25,2
DA:30,2
DA:31,2
DA:36,1
DA:37,1
DA:38,1
DA:40,0
LF:13
LH:11
BRF:0
BRH:0
end_of_record
