TN:
SF:src/config.ts
FNF:0
FNH:0
DA:3,5
DA:5,5
DA:6,5
DA:7,5
DA:8,5
DA:9,5
DA:11,5
DA:13,5
DA:15,5
LF:9
LH:9
BRDA:5,0,0,5
BRDA:5,0,1,0
BRDA:7,1,0,5
BRDA:7,1,1,0
BRDA:8,2,0,5
BRDA:8,2,1,0
BRDA:9,3,0,5
BRDA:9,3,1,0
BRDA:11,4,0,5
BRDA:11,4,1,0
BRDA:13,5,0,5
BRDA:13,5,1,0
BRF:12
BRH:6
end_of_record
TN:
SF:src/controllers/AuthController.ts
FN:8,(anonymous_0)
FN:18,(anonymous_1)
FN:42,(anonymous_2)
FN:66,(anonymous_3)
FN:90,(anonymous_4)
FNF:5
FNH:5
FNDA:40,(anonymous_0)
FNDA:9,(anonymous_1)
FNDA:8,(anonymous_2)
FNDA:10,(anonymous_3)
FNDA:6,(anonymous_4)
DA:12,40
DA:14,40
DA:15,40
DA:19,9
DA:20,9
DA:21,9
DA:26,9
DA:27,9
DA:28,3
DA:29,3
DA:31,2
DA:38,4
DA:43,8
DA:44,8
DA:45,8
DA:50,8
DA:51,8
DA:52,2
DA:53,2
DA:55,2
DA:62,4
DA:67,10
DA:68,10
DA:69,10
DA:74,10
DA:75,10
DA:76,3
DA:77,3
DA:79,3
DA:86,4
DA:91,6
DA:92,6
DA:93,6
DA:98,6
DA:99,6
DA:100,1
DA:101,1
DA:103,1
DA:110,4
DA:113,40
DA:114,40
LF:41
LH:41
BRDA:27,0,0,3
BRDA:27,0,1,2
BRDA:51,1,0,2
BRDA:51,1,1,2
BRDA:75,2,0,3
BRDA:75,2,1,3
BRDA:99,3,0,1
BRDA:99,3,1,1
BRF:8
BRH:8
end_of_record
TN:
SF:src/controllers/TokenController.ts
FN:16,(anonymous_0)
FNF:1
FNH:0
FNDA:0,(anonymous_0)
DA:6,11
DA:7,11
DA:17,0
DA:18,0
DA:19,0
DA:20,0
LF:6
LH:2
BRDA:18,0,0,0
BRDA:18,0,1,0
BRF:2
BRH:0
end_of_record
TN:
SF:src/models/UserModel.ts
FN:16,getUser
FNF:1
FNH:1
FNDA:2,getUser
DA:17,2
LF:1
LH:1
BRF:0
BRH:0
end_of_record
TN:
SF:src/services/TokenService.ts
FN:6,(anonymous_0)
FN:17,(anonymous_1)
FN:22,(anonymous_2)
FN:41,(anonymous_3)
FNF:4
FNH:4
FNDA:2,(anonymous_0)
FNDA:7,(anonymous_1)
FNDA:7,(anonymous_2)
FNDA:12,(anonymous_3)
DA:6,4
DA:7,2
DA:17,4
DA:22,7
DA:23,7
DA:24,1
DA:25,1
DA:26,1
DA:29,6
DA:30,6
DA:31,6
DA:32,1
DA:33,1
DA:35,5
DA:36,5
DA:42,12
DA:43,12
DA:44,4
DA:52,4
DA:54,8
DA:55,1
DA:63,1
DA:65,7
DA:66,7
LF:24
LH:24
BRDA:23,0,0,1
BRDA:23,0,1,6
BRDA:31,1,0,1
BRDA:31,1,1,5
BRDA:43,2,0,4
BRDA:43,2,1,8
BRDA:54,3,0,1
BRDA:54,3,1,7
BRF:8
BRH:8
end_of_record
TN:
SF:src/services/UserService.ts
FN:13,(anonymous_0)
FN:21,(anonymous_1)
FN:34,(anonymous_2)
FN:44,(anonymous_3)
FN:57,(anonymous_4)
FN:63,(anonymous_5)
FN:91,(anonymous_6)
FN:116,(anonymous_7)
FN:135,(anonymous_8)
FN:157,(anonymous_9)
FNF:10
FNH:10
FNDA:17,(anonymous_0)
FNDA:7,(anonymous_1)
FNDA:7,(anonymous_2)
FNDA:5,(anonymous_3)
FNDA:31,(anonymous_4)
FNDA:8,(anonymous_5)
FNDA:9,(anonymous_6)
FNDA:9,(anonymous_7)
FNDA:5,(anonymous_8)
FNDA:8,(anonymous_9)
DA:13,2
DA:14,17
DA:18,17
DA:21,2
DA:26,7
DA:31,7
DA:34,2
DA:39,7
DA:40,7
DA:41,7
DA:44,2
DA:49,5
DA:50,5
DA:64,8
DA:65,8
DA:67,8
DA:69,5
DA:74,4
DA:75,2
DA:77,2
DA:78,0
DA:80,2
DA:81,2
DA:87,1
DA:92,9
DA:93,9
DA:94,9
DA:96,7
DA:102,7
DA:103,1
DA:105,6
DA:106,2
DA:112,5
DA:117,9
DA:118,9
DA:121,9
DA:122,3
DA:123,6
DA:124,3
DA:126,3
DA:131,3
DA:136,5
DA:137,5
DA:143,2
DA:144,1
DA:145,1
DA:146,0
DA:148,1
DA:153,3
DA:158,8
DA:161,8
DA:169,4
LF:52
LH:50
BRDA:67,0,0,3
BRDA:67,0,1,5
BRDA:74,1,0,2
BRDA:74,1,1,2
BRDA:77,2,0,0
BRDA:77,2,1,2
BRDA:77,3,0,2
BRDA:77,3,1,2
BRDA:94,4,0,2
BRDA:94,4,1,7
BRDA:102,5,0,1
BRDA:102,5,1,6
BRDA:102,6,0,7
BRDA:102,6,1,3
BRDA:121,7,0,3
BRDA:121,7,1,6
BRDA:123,8,0,3
BRDA:123,8,1,3
BRDA:143,9,0,1
BRDA:143,9,1,1
BRDA:145,10,0,0
BRDA:145,10,1,1
BRF:22
BRH:20
end_of_record
TN:
SF:src/typings/Controller.ts
FN:40,(anonymous_0)
FN:56,(anonymous_1)
FN:68,(anonymous_2)
FNF:3
FNH:3
FNDA:25,(anonymous_0)
FNDA:8,(anonymous_1)
FNDA:25,(anonymous_2)
DA:36,51
DA:40,51
DA:41,25
DA:42,67
DA:43,67
DA:44,67
DA:45,39
DA:47,67
DA:49,0
DA:53,25
DA:62,8
DA:73,25
LF:12
LH:11
BRDA:62,0,0,8
BRDA:62,0,1,0
BRDA:63,1,0,8
BRDA:63,1,1,0
BRDA:73,2,0,25
BRDA:73,2,1,16
BRDA:74,3,0,25
BRDA:74,3,1,16
BRF:8
BRH:6
end_of_record
TN:
SF:src/typings/Server.ts
FN:11,(anonymous_0)
FN:17,(anonymous_1)
FN:18,(anonymous_2)
FN:23,(anonymous_3)
FN:24,(anonymous_4)
FN:29,(anonymous_5)
FN:30,(anonymous_6)
FN:35,(anonymous_7)
FNF:8
FNH:6
FNDA:16,(anonymous_0)
FNDA:0,(anonymous_1)
FNDA:0,(anonymous_2)
FNDA:13,(anonymous_3)
FNDA:24,(anonymous_4)
FNDA:13,(anonymous_5)
FNDA:24,(anonymous_6)
FNDA:12,(anonymous_7)
DA:12,16
DA:13,16
DA:14,16
DA:18,0
DA:19,0
DA:24,13
DA:25,24
DA:30,13
DA:31,24
DA:36,12
DA:37,12
DA:38,12
DA:40,0
LF:13
LH:10
BRF:0
BRH:0
end_of_record
